<?xml version="1.0" encoding="UTF-8"?>
<!-- Generated by org.testng.reporters.JUnitReportReporter -->
<testsuite skipped="0" hostname="DESKTOP-A7F42VU" name="testcase.PostRequest" tests="1" failures="0" timestamp="21 Oct 2020 11:17:11 GMT" time="603.811" errors="1">
  <testcase name="test_03" time="603.811" classname="testcase.PostRequest">
    <error type="org.openqa.selenium.SessionNotCreatedException" message="session not created
from timeout: Timed out receiving message from renderer: 600.000
  (Session info: chrome=86.0.4240.75)
Build info: version: &#039;3.14.0&#039;, revision: &#039;aacccce0&#039;, time: &#039;2018-08-02T20:19:58.91Z&#039;
System info: host: &#039;DESKTOP-A7F42VU&#039;, ip: &#039;192.168.1.102&#039;, os.name: &#039;Windows 10&#039;, os.arch: &#039;amd64&#039;, os.version: &#039;10.0&#039;, java.version: &#039;1.8.0_251&#039;
Driver info: driver.version: ChromeDriver
remote stacktrace: Backtrace:
	Ordinal0 [0x0103D383+3134339]
	Ordinal0 [0x00F2A171+2007409]
	Ordinal0 [0x00DCAEE8+569064]
	Ordinal0 [0x00DBF19C+520604]
	Ordinal0 [0x00DBE542+517442]
	Ordinal0 [0x00DBE935+518453]
	Ordinal0 [0x00DBE265+516709]
	Ordinal0 [0x00DC7551+554321]
	Ordinal0 [0x00DBE214+516628]
	Ordinal0 [0x00DBEF25+519973]
	Ordinal0 [0x00DBE542+517442]
	Ordinal0 [0x00DBE935+518453]
	Ordinal0 [0x00DBE265+516709]
	Ordinal0 [0x00DC58DE+547038]
	Ordinal0 [0x00DBE214+516628]
	Ordinal0 [0x00DBEF25+519973]
	Ordinal0 [0x00DBE542+517442]
	Ordinal0 [0x00DBE935+518453]
	Ordinal0 [0x00DBE265+516709]
	Ordinal0 [0x00DC3BF6+539638]
	Ordinal0 [0x00DBE214+516628]
	Ordinal0 [0x00DBEF25+519973]
	Ordinal0 [0x00DBE542+517442]
	Ordinal0 [0x00DBE935+518453]
	Ordinal0 [0x00DBE265+516709]
	Ordinal0 [0x00DC2F37+536375]
	Ordinal0 [0x00DBE214+516628]
	Ordinal0 [0x00DBEF25+519973]
	Ordinal0 [0x00DBE542+517442]
	Ordinal0 [0x00DBE935+518453]
	Ordinal0 [0x00DBE265+516709]
	Ordinal0 [0x00DBAB7C+502652]
	Ordinal0 [0x00DBE214+516628]
	Ordinal0 [0x00DBDF81+515969]
	Ordinal0 [0x00DCBF70+573296]
	Ordinal0 [0x00D71916+203030]
	Ordinal0 [0x00D70C1D+199709]
	Ordinal0 [0x00D6EB0B+191243]
	Ordinal0 [0x00D52E77+77431]
	Ordinal0 [0x00D53E3E+81470]
	Ordinal0 [0x00D53DC9+81353]
	Ordinal0 [0x00F40CD9+2100441]
	GetHandleVerifier [0x011AB75A+1396954]
	GetHandleVerifier [0x011AB3D9+1396057]
	GetHandleVerifier [0x011B7126+1444518]
	GetHandleVerifier [0x011ABCE8+1398376]
	Ordinal0 [0x00F37F51+2064209]
	Ordinal0 [0x00F422EB+2106091]
	Ordinal0 [0x00F42411+2106385]
	Ordinal0 [0x00F549C4+2181572]
	BaseThreadInitThunk [0x77C66359+25]
	RtlGetAppContainerNamedObjectPath [0x77DA7C24+228]
	RtlGetAppContainerNamedObjectPath [0x77DA7BF4+180]
">
      <![CDATA[org.openqa.selenium.SessionNotCreatedException: session not created
from timeout: Timed out receiving message from renderer: 600.000
  (Session info: chrome=86.0.4240.75)
Build info: version: '3.14.0', revision: 'aacccce0', time: '2018-08-02T20:19:58.91Z'
System info: host: 'DESKTOP-A7F42VU', ip: '192.168.1.102', os.name: 'Windows 10', os.arch: 'amd64', os.version: '10.0', java.version: '1.8.0_251'
Driver info: driver.version: ChromeDriver
remote stacktrace: Backtrace:
	Ordinal0 [0x0103D383+3134339]
	Ordinal0 [0x00F2A171+2007409]
	Ordinal0 [0x00DCAEE8+569064]
	Ordinal0 [0x00DBF19C+520604]
	Ordinal0 [0x00DBE542+517442]
	Ordinal0 [0x00DBE935+518453]
	Ordinal0 [0x00DBE265+516709]
	Ordinal0 [0x00DC7551+554321]
	Ordinal0 [0x00DBE214+516628]
	Ordinal0 [0x00DBEF25+519973]
	Ordinal0 [0x00DBE542+517442]
	Ordinal0 [0x00DBE935+518453]
	Ordinal0 [0x00DBE265+516709]
	Ordinal0 [0x00DC58DE+547038]
	Ordinal0 [0x00DBE214+516628]
	Ordinal0 [0x00DBEF25+519973]
	Ordinal0 [0x00DBE542+517442]
	Ordinal0 [0x00DBE935+518453]
	Ordinal0 [0x00DBE265+516709]
	Ordinal0 [0x00DC3BF6+539638]
	Ordinal0 [0x00DBE214+516628]
	Ordinal0 [0x00DBEF25+519973]
	Ordinal0 [0x00DBE542+517442]
	Ordinal0 [0x00DBE935+518453]
	Ordinal0 [0x00DBE265+516709]
	Ordinal0 [0x00DC2F37+536375]
	Ordinal0 [0x00DBE214+516628]
	Ordinal0 [0x00DBEF25+519973]
	Ordinal0 [0x00DBE542+517442]
	Ordinal0 [0x00DBE935+518453]
	Ordinal0 [0x00DBE265+516709]
	Ordinal0 [0x00DBAB7C+502652]
	Ordinal0 [0x00DBE214+516628]
	Ordinal0 [0x00DBDF81+515969]
	Ordinal0 [0x00DCBF70+573296]
	Ordinal0 [0x00D71916+203030]
	Ordinal0 [0x00D70C1D+199709]
	Ordinal0 [0x00D6EB0B+191243]
	Ordinal0 [0x00D52E77+77431]
	Ordinal0 [0x00D53E3E+81470]
	Ordinal0 [0x00D53DC9+81353]
	Ordinal0 [0x00F40CD9+2100441]
	GetHandleVerifier [0x011AB75A+1396954]
	GetHandleVerifier [0x011AB3D9+1396057]
	GetHandleVerifier [0x011B7126+1444518]
	GetHandleVerifier [0x011ABCE8+1398376]
	Ordinal0 [0x00F37F51+2064209]
	Ordinal0 [0x00F422EB+2106091]
	Ordinal0 [0x00F42411+2106385]
	Ordinal0 [0x00F549C4+2181572]
	BaseThreadInitThunk [0x77C66359+25]
	RtlGetAppContainerNamedObjectPath [0x77DA7C24+228]
	RtlGetAppContainerNamedObjectPath [0x77DA7BF4+180]

	at sun.reflect.NativeConstructorAccessorImpl.newInstance0(Native Method)
	at sun.reflect.NativeConstructorAccessorImpl.newInstance(NativeConstructorAccessorImpl.java:62)
	at sun.reflect.DelegatingConstructorAccessorImpl.newInstance(DelegatingConstructorAccessorImpl.java:45)
	at java.lang.reflect.Constructor.newInstance(Constructor.java:423)
	at org.openqa.selenium.remote.W3CHandshakeResponse.lambda$new$0(W3CHandshakeResponse.java:57)
	at org.openqa.selenium.remote.W3CHandshakeResponse.lambda$getResponseFunction$2(W3CHandshakeResponse.java:104)
	at org.openqa.selenium.remote.ProtocolHandshake.lambda$createSession$0(ProtocolHandshake.java:122)
	at java.util.stream.ReferencePipeline$3$1.accept(ReferencePipeline.java:193)
	at java.util.Spliterators$ArraySpliterator.tryAdvance(Spliterators.java:958)
	at java.util.stream.ReferencePipeline.forEachWithCancel(ReferencePipeline.java:126)
	at java.util.stream.AbstractPipeline.copyIntoWithCancel(AbstractPipeline.java:499)
	at java.util.stream.AbstractPipeline.copyInto(AbstractPipeline.java:486)
	at java.util.stream.AbstractPipeline.wrapAndCopyInto(AbstractPipeline.java:472)
	at java.util.stream.FindOps$FindOp.evaluateSequential(FindOps.java:152)
	at java.util.stream.AbstractPipeline.evaluate(AbstractPipeline.java:234)
	at java.util.stream.ReferencePipeline.findFirst(ReferencePipeline.java:464)
	at org.openqa.selenium.remote.ProtocolHandshake.createSession(ProtocolHandshake.java:125)
	at org.openqa.selenium.remote.ProtocolHandshake.createSession(ProtocolHandshake.java:73)
	at org.openqa.selenium.remote.HttpCommandExecutor.execute(HttpCommandExecutor.java:136)
	at org.openqa.selenium.remote.service.DriverCommandExecutor.execute(DriverCommandExecutor.java:83)
	at org.openqa.selenium.remote.RemoteWebDriver.execute(RemoteWebDriver.java:548)
	at org.openqa.selenium.remote.RemoteWebDriver.startSession(RemoteWebDriver.java:212)
	at org.openqa.selenium.remote.RemoteWebDriver.<init>(RemoteWebDriver.java:130)
	at org.openqa.selenium.chrome.ChromeDriver.<init>(ChromeDriver.java:181)
	at org.openqa.selenium.chrome.ChromeDriver.<init>(ChromeDriver.java:168)
	at org.openqa.selenium.chrome.ChromeDriver.<init>(ChromeDriver.java:123)
	at testcase.PostRequest.test_03(PostRequest.java:18)
	at sun.reflect.NativeMethodAccessorImpl.invoke0(Native Method)
	at sun.reflect.NativeMethodAccessorImpl.invoke(NativeMethodAccessorImpl.java:62)
	at sun.reflect.DelegatingMethodAccessorImpl.invoke(DelegatingMethodAccessorImpl.java:43)
	at java.lang.reflect.Method.invoke(Method.java:498)
	at org.testng.internal.MethodInvocationHelper.invokeMethod(MethodInvocationHelper.java:108)
	at org.testng.internal.Invoker.invokeMethod(Invoker.java:661)
	at org.testng.internal.Invoker.invokeTestMethod(Invoker.java:869)
	at org.testng.internal.Invoker.invokeTestMethods(Invoker.java:1193)
	at org.testng.internal.TestMethodWorker.invokeTestMethods(TestMethodWorker.java:126)
	at org.testng.internal.TestMethodWorker.run(TestMethodWorker.java:109)
	at org.testng.TestRunner.privateRun(TestRunner.java:744)
	at org.testng.TestRunner.run(TestRunner.java:602)
	at org.testng.SuiteRunner.runTest(SuiteRunner.java:380)
	at org.testng.SuiteRunner.runSequentially(SuiteRunner.java:375)
	at org.testng.SuiteRunner.privateRun(SuiteRunner.java:340)
	at org.testng.SuiteRunner.run(SuiteRunner.java:289)
	at org.testng.SuiteRunnerWorker.runSuite(SuiteRunnerWorker.java:52)
	at org.testng.SuiteRunnerWorker.run(SuiteRunnerWorker.java:86)
	at org.testng.TestNG.runSuitesSequentially(TestNG.java:1301)
	at org.testng.TestNG.runSuitesLocally(TestNG.java:1226)
	at org.testng.TestNG.runSuites(TestNG.java:1144)
	at org.testng.TestNG.run(TestNG.java:1115)
	at org.apache.maven.surefire.testng.TestNGExecutor.run(TestNGExecutor.java:295)
	at org.apache.maven.surefire.testng.TestNGXmlTestSuite.execute(TestNGXmlTestSuite.java:84)
	at org.apache.maven.surefire.testng.TestNGProvider.invoke(TestNGProvider.java:90)
	at org.apache.maven.surefire.booter.ForkedBooter.invokeProviderInSameClassLoader(ForkedBooter.java:203)
	at org.apache.maven.surefire.booter.ForkedBooter.runSuitesInProcess(ForkedBooter.java:155)
	at org.apache.maven.surefire.booter.ForkedBooter.main(ForkedBooter.java:103)
]]>
    </error>
  </testcase> <!-- test_03 -->
</testsuite> <!-- testcase.PostRequest -->
