<html>
<head>
<title>TestNG:  Test</title>
<link href="../testng.css" rel="stylesheet" type="text/css" />
<link href="../my-testng.css" rel="stylesheet" type="text/css" />

<style type="text/css">
.log { display: none;} 
.stack-trace { display: none;} 
</style>
<script type="text/javascript">
<!--
function flip(e) {
  current = e.style.display;
  if (current == 'block') {
    e.style.display = 'none';
    return 0;
  }
  else {
    e.style.display = 'block';
    return 1;
  }
}

function toggleBox(szDivId, elem, msg1, msg2)
{
  var res = -1;  if (document.getElementById) {
    res = flip(document.getElementById(szDivId));
  }
  else if (document.all) {
    // this is the way old msie versions work
    res = flip(document.all[szDivId]);
  }
  if(elem) {
    if(res == 0) elem.innerHTML = msg1; else elem.innerHTML = msg2;
  }

}

function toggleAllBoxes() {
  if (document.getElementsByTagName) {
    d = document.getElementsByTagName('div');
    for (i = 0; i < d.length; i++) {
      if (d[i].className == 'log') {
        flip(d[i]);
      }
    }
  }
}

// -->
</script>

</head>
<body>
<h2 align='center'>Test</h2><table border='1' align="center">
<tr>
<td>Tests passed/Failed/Skipped:</td><td>0/1/0</td>
</tr><tr>
<td>Started on:</td><td>Wed Oct 21 16:37:07 IST 2020</td>
</tr>
<tr><td>Total time:</td><td>603 seconds (603847 ms)</td>
</tr><tr>
<td>Included groups:</td><td></td>
</tr><tr>
<td>Excluded groups:</td><td></td>
</tr>
</table><p/>
<small><i>(Hover the method name to see the test class name)</i></small><p/>
<table width='100%' border='1' class='invocation-failed'>
<tr><td colspan='4' align='center'><b>FAILED TESTS</b></td></tr>
<tr><td><b>Test method</b></td>
<td width="30%"><b>Exception</b></td>
<td width="10%"><b>Time (seconds)</b></td>
<td><b>Instance</b></td>
</tr>
<tr>
<td title='testcase.PostRequest.test_03()'><b>test_03</b><br>Test class: testcase.PostRequest</td>
<td><div><pre>org.openqa.selenium.SessionNotCreatedException: session not created
from timeout: Timed out receiving message from renderer: 600.000
  (Session info: chrome=86.0.4240.75)
Build info: version: &apos;3.14.0&apos;, revision: &apos;aacccce0&apos;, time: &apos;2018-08-02T20:19:58.91Z&apos;
System info: host: &apos;DESKTOP-A7F42VU&apos;, ip: &apos;192.168.1.102&apos;, os.name: &apos;Windows 10&apos;, os.arch: &apos;amd64&apos;, os.version: &apos;10.0&apos;, java.version: &apos;1.8.0_251&apos;
Driver info: driver.version: ChromeDriver
remote stacktrace: Backtrace:
	Ordinal0 [0x0103D383+3134339]
	Ordinal0 [0x00F2A171+2007409]
	Ordinal0 [0x00DCAEE8+569064]
	Ordinal0 [0x00DBF19C+520604]
	Ordinal0 [0x00DBE542+517442]
	Ordinal0 [0x00DBE935+518453]
	Ordinal0 [0x00DBE265+516709]
	Ordinal0 [0x00DC7551+554321]
	Ordinal0 [0x00DBE214+516628]
	Ordinal0 [0x00DBEF25+519973]
	Ordinal0 [0x00DBE542+517442]
	Ordinal0 [0x00DBE935+518453]
	Ordinal0 [0x00DBE265+516709]
	Ordinal0 [0x00DC58DE+547038]
	Ordinal0 [0x00DBE214+516628]
	Ordinal0 [0x00DBEF25+519973]
	Ordinal0 [0x00DBE542+517442]
	Ordinal0 [0x00DBE935+518453]
	Ordinal0 [0x00DBE265+516709]
	Ordinal0 [0x00DC3BF6+539638]
	Ordinal0 [0x00DBE214+516628]
	Ordinal0 [0x00DBEF25+519973]
	Ordinal0 [0x00DBE542+517442]
	Ordinal0 [0x00DBE935+518453]
	Ordinal0 [0x00DBE265+516709]
	Ordinal0 [0x00DC2F37+536375]
	Ordinal0 [0x00DBE214+516628]
	Ordinal0 [0x00DBEF25+519973]
	Ordinal0 [0x00DBE542+517442]
	Ordinal0 [0x00DBE935+518453]
	Ordinal0 [0x00DBE265+516709]
	Ordinal0 [0x00DBAB7C+502652]
	Ordinal0 [0x00DBE214+516628]
	Ordinal0 [0x00DBDF81+515969]
	Ordinal0 [0x00DCBF70+573296]
	Ordinal0 [0x00D71916+203030]
	Ordinal0 [0x00D70C1D+199709]
	Ordinal0 [0x00D6EB0B+191243]
	Ordinal0 [0x00D52E77+77431]
	Ordinal0 [0x00D53E3E+81470]
	Ordinal0 [0x00D53DC9+81353]
	Ordinal0 [0x00F40CD9+2100441]
	GetHandleVerifier [0x011AB75A+1396954]
	GetHandleVerifier [0x011AB3D9+1396057]
	GetHandleVerifier [0x011B7126+1444518]
	GetHandleVerifier [0x011ABCE8+1398376]
	Ordinal0 [0x00F37F51+2064209]
	Ordinal0 [0x00F422EB+2106091]
	Ordinal0 [0x00F42411+2106385]
	Ordinal0 [0x00F549C4+2181572]
	BaseThreadInitThunk [0x77C66359+25]
	RtlGetAppContainerNamedObjectPath [0x77DA7C24+228]
	RtlGetAppContainerNamedObjectPath [0x77DA7BF4+180]

	at org.openqa.selenium.remote.W3CHandshakeResponse.lambda$new$0(W3CHandshakeResponse.java:57)
	at org.openqa.selenium.remote.W3CHandshakeResponse.lambda$getResponseFunction$2(W3CHandshakeResponse.java:104)
	at org.openqa.selenium.remote.ProtocolHandshake.lambda$createSession$0(ProtocolHandshake.java:122)
	at java.util.stream.ReferencePipeline$3$1.accept(ReferencePipeline.java:193)
	at java.util.Spliterators$ArraySpliterator.tryAdvance(Spliterators.java:958)
	at java.util.stream.ReferencePipeline.forEachWithCancel(ReferencePipeline.java:126)
	at java.util.stream.AbstractPipeline.copyIntoWithCancel(AbstractPipeline.java:499)
	at java.util.stream.AbstractPipeline.copyInto(AbstractPipeline.java:486)
	at java.util.stream.AbstractPipeline.wrapAndCopyInto(AbstractPipeline.java:472)
	at java.util.stream.FindOps$FindOp.evaluateSequential(FindOps.java:152)
	at java.util.stream.AbstractPipeline.evaluate(AbstractPipeline.java:234)
	at java.util.stream.ReferencePipeline.findFirst(ReferencePipeline.java:464)
	at org.openqa.selenium.remote.ProtocolHandshake.createSession(ProtocolHandshake.java:125)
	at org.openqa.selenium.remote.ProtocolHandshake.createSession(ProtocolHandshake.java:73)
	at org.openqa.selenium.remote.HttpCommandExecutor.execute(HttpCommandExecutor.java:136)
	at org.openqa.selenium.remote.service.DriverCommandExecutor.execute(DriverCommandExecutor.java:83)
	at org.openqa.selenium.remote.RemoteWebDriver.execute(RemoteWebDriver.java:548)
	at org.openqa.selenium.remote.RemoteWebDriver.startSession(RemoteWebDriver.java:212)
	at org.openqa.selenium.remote.RemoteWebDriver.&lt;init&gt;(RemoteWebDriver.java:130)
	at org.openqa.selenium.chrome.ChromeDriver.&lt;init&gt;(ChromeDriver.java:181)
	at org.openqa.selenium.chrome.ChromeDriver.&lt;init&gt;(ChromeDriver.java:168)
	at org.openqa.selenium.chrome.ChromeDriver.&lt;init&gt;(ChromeDriver.java:123)
	at testcase.PostRequest.test_03(PostRequest.java:18)
... Removed 32 stack frames</pre></div><a href='#' onClick='toggleBox("stack-trace1068586139", this, "Click to show all stack frames", "Click to hide stack frames")'>Click to show all stack frames</a>
<div class='stack-trace' id='stack-trace1068586139'><pre>org.openqa.selenium.SessionNotCreatedException: session not created
from timeout: Timed out receiving message from renderer: 600.000
  (Session info: chrome=86.0.4240.75)
Build info: version: &apos;3.14.0&apos;, revision: &apos;aacccce0&apos;, time: &apos;2018-08-02T20:19:58.91Z&apos;
System info: host: &apos;DESKTOP-A7F42VU&apos;, ip: &apos;192.168.1.102&apos;, os.name: &apos;Windows 10&apos;, os.arch: &apos;amd64&apos;, os.version: &apos;10.0&apos;, java.version: &apos;1.8.0_251&apos;
Driver info: driver.version: ChromeDriver
remote stacktrace: Backtrace:
	Ordinal0 [0x0103D383+3134339]
	Ordinal0 [0x00F2A171+2007409]
	Ordinal0 [0x00DCAEE8+569064]
	Ordinal0 [0x00DBF19C+520604]
	Ordinal0 [0x00DBE542+517442]
	Ordinal0 [0x00DBE935+518453]
	Ordinal0 [0x00DBE265+516709]
	Ordinal0 [0x00DC7551+554321]
	Ordinal0 [0x00DBE214+516628]
	Ordinal0 [0x00DBEF25+519973]
	Ordinal0 [0x00DBE542+517442]
	Ordinal0 [0x00DBE935+518453]
	Ordinal0 [0x00DBE265+516709]
	Ordinal0 [0x00DC58DE+547038]
	Ordinal0 [0x00DBE214+516628]
	Ordinal0 [0x00DBEF25+519973]
	Ordinal0 [0x00DBE542+517442]
	Ordinal0 [0x00DBE935+518453]
	Ordinal0 [0x00DBE265+516709]
	Ordinal0 [0x00DC3BF6+539638]
	Ordinal0 [0x00DBE214+516628]
	Ordinal0 [0x00DBEF25+519973]
	Ordinal0 [0x00DBE542+517442]
	Ordinal0 [0x00DBE935+518453]
	Ordinal0 [0x00DBE265+516709]
	Ordinal0 [0x00DC2F37+536375]
	Ordinal0 [0x00DBE214+516628]
	Ordinal0 [0x00DBEF25+519973]
	Ordinal0 [0x00DBE542+517442]
	Ordinal0 [0x00DBE935+518453]
	Ordinal0 [0x00DBE265+516709]
	Ordinal0 [0x00DBAB7C+502652]
	Ordinal0 [0x00DBE214+516628]
	Ordinal0 [0x00DBDF81+515969]
	Ordinal0 [0x00DCBF70+573296]
	Ordinal0 [0x00D71916+203030]
	Ordinal0 [0x00D70C1D+199709]
	Ordinal0 [0x00D6EB0B+191243]
	Ordinal0 [0x00D52E77+77431]
	Ordinal0 [0x00D53E3E+81470]
	Ordinal0 [0x00D53DC9+81353]
	Ordinal0 [0x00F40CD9+2100441]
	GetHandleVerifier [0x011AB75A+1396954]
	GetHandleVerifier [0x011AB3D9+1396057]
	GetHandleVerifier [0x011B7126+1444518]
	GetHandleVerifier [0x011ABCE8+1398376]
	Ordinal0 [0x00F37F51+2064209]
	Ordinal0 [0x00F422EB+2106091]
	Ordinal0 [0x00F42411+2106385]
	Ordinal0 [0x00F549C4+2181572]
	BaseThreadInitThunk [0x77C66359+25]
	RtlGetAppContainerNamedObjectPath [0x77DA7C24+228]
	RtlGetAppContainerNamedObjectPath [0x77DA7BF4+180]

	at sun.reflect.NativeConstructorAccessorImpl.newInstance0(Native Method)
	at sun.reflect.NativeConstructorAccessorImpl.newInstance(NativeConstructorAccessorImpl.java:62)
	at sun.reflect.DelegatingConstructorAccessorImpl.newInstance(DelegatingConstructorAccessorImpl.java:45)
	at java.lang.reflect.Constructor.newInstance(Constructor.java:423)
	at org.openqa.selenium.remote.W3CHandshakeResponse.lambda$new$0(W3CHandshakeResponse.java:57)
	at org.openqa.selenium.remote.W3CHandshakeResponse.lambda$getResponseFunction$2(W3CHandshakeResponse.java:104)
	at org.openqa.selenium.remote.ProtocolHandshake.lambda$createSession$0(ProtocolHandshake.java:122)
	at java.util.stream.ReferencePipeline$3$1.accept(ReferencePipeline.java:193)
	at java.util.Spliterators$ArraySpliterator.tryAdvance(Spliterators.java:958)
	at java.util.stream.ReferencePipeline.forEachWithCancel(ReferencePipeline.java:126)
	at java.util.stream.AbstractPipeline.copyIntoWithCancel(AbstractPipeline.java:499)
	at java.util.stream.AbstractPipeline.copyInto(AbstractPipeline.java:486)
	at java.util.stream.AbstractPipeline.wrapAndCopyInto(AbstractPipeline.java:472)
	at java.util.stream.FindOps$FindOp.evaluateSequential(FindOps.java:152)
	at java.util.stream.AbstractPipeline.evaluate(AbstractPipeline.java:234)
	at java.util.stream.ReferencePipeline.findFirst(ReferencePipeline.java:464)
	at org.openqa.selenium.remote.ProtocolHandshake.createSession(ProtocolHandshake.java:125)
	at org.openqa.selenium.remote.ProtocolHandshake.createSession(ProtocolHandshake.java:73)
	at org.openqa.selenium.remote.HttpCommandExecutor.execute(HttpCommandExecutor.java:136)
	at org.openqa.selenium.remote.service.DriverCommandExecutor.execute(DriverCommandExecutor.java:83)
	at org.openqa.selenium.remote.RemoteWebDriver.execute(RemoteWebDriver.java:548)
	at org.openqa.selenium.remote.RemoteWebDriver.startSession(RemoteWebDriver.java:212)
	at org.openqa.selenium.remote.RemoteWebDriver.&lt;init&gt;(RemoteWebDriver.java:130)
	at org.openqa.selenium.chrome.ChromeDriver.&lt;init&gt;(ChromeDriver.java:181)
	at org.openqa.selenium.chrome.ChromeDriver.&lt;init&gt;(ChromeDriver.java:168)
	at org.openqa.selenium.chrome.ChromeDriver.&lt;init&gt;(ChromeDriver.java:123)
	at testcase.PostRequest.test_03(PostRequest.java:18)
	at sun.reflect.NativeMethodAccessorImpl.invoke0(Native Method)
	at sun.reflect.NativeMethodAccessorImpl.invoke(NativeMethodAccessorImpl.java:62)
	at sun.reflect.DelegatingMethodAccessorImpl.invoke(DelegatingMethodAccessorImpl.java:43)
	at java.lang.reflect.Method.invoke(Method.java:498)
	at org.testng.internal.MethodInvocationHelper.invokeMethod(MethodInvocationHelper.java:108)
	at org.testng.internal.Invoker.invokeMethod(Invoker.java:661)
	at org.testng.internal.Invoker.invokeTestMethod(Invoker.java:869)
	at org.testng.internal.Invoker.invokeTestMethods(Invoker.java:1193)
	at org.testng.internal.TestMethodWorker.invokeTestMethods(TestMethodWorker.java:126)
	at org.testng.internal.TestMethodWorker.run(TestMethodWorker.java:109)
	at org.testng.TestRunner.privateRun(TestRunner.java:744)
	at org.testng.TestRunner.run(TestRunner.java:602)
	at org.testng.SuiteRunner.runTest(SuiteRunner.java:380)
	at org.testng.SuiteRunner.runSequentially(SuiteRunner.java:375)
	at org.testng.SuiteRunner.privateRun(SuiteRunner.java:340)
	at org.testng.SuiteRunner.run(SuiteRunner.java:289)
	at org.testng.SuiteRunnerWorker.runSuite(SuiteRunnerWorker.java:52)
	at org.testng.SuiteRunnerWorker.run(SuiteRunnerWorker.java:86)
	at org.testng.TestNG.runSuitesSequentially(TestNG.java:1301)
	at org.testng.TestNG.runSuitesLocally(TestNG.java:1226)
	at org.testng.TestNG.runSuites(TestNG.java:1144)
	at org.testng.TestNG.run(TestNG.java:1115)
	at org.apache.maven.surefire.testng.TestNGExecutor.run(TestNGExecutor.java:295)
	at org.apache.maven.surefire.testng.TestNGXmlTestSuite.execute(TestNGXmlTestSuite.java:84)
	at org.apache.maven.surefire.testng.TestNGProvider.invoke(TestNGProvider.java:90)
	at org.apache.maven.surefire.booter.ForkedBooter.invokeProviderInSameClassLoader(ForkedBooter.java:203)
	at org.apache.maven.surefire.booter.ForkedBooter.runSuitesInProcess(ForkedBooter.java:155)
	at org.apache.maven.surefire.booter.ForkedBooter.main(ForkedBooter.java:103)
</pre></div></td>
<td>603</td>
<td>testcase.PostRequest@49e4cb85</td></tr>
</table><p>
</body>
</html>